<?xml version="1.0" encoding="UTF-8"?>
<testsuite name="TestFactory" tests="1" skipped="0" failures="0" errors="0" timestamp="2015-05-06T08:02:29" hostname="HAL9000.local" time="0.009">
  <properties/>
  <testcase name="testCreateRandomBlock" classname="TestFactory" time="0.009"/>
  <system-out><![CDATA[]]></system-out>
  <system-err><![CDATA[]]></system-err>
</testsuite>
